# JRE version: Java(TM) SE Runtime Environment (8.0_51-b16) (build 1.8.0_51-b16)
# Java VM: Java HotSpot(TM) 64-Bit Server VM (25.51-b03 mixed mode windows-amd64 compressed oops)
Heap:
 par new generation   total 77440K, used 73397K [0x00000004c0000000, 0x00000004c5400000, 0x0000000580000000)
  eden space 68864K, 100% used [0x00000004c0000000, 0x00000004c4340000, 0x00000004c4340000)
  from space 8576K,  52% used [0x00000004c4340000, 0x00000004c47ad578, 0x00000004c4ba0000)
  to   space 8576K,   0% used [0x00000004c4ba0000, 0x00000004c4ba0000, 0x00000004c5400000)
 concurrent mark-sweep generation total 5168632K, used 4287062K [0x0000000580000000, 0x00000006bb77e000, 0x00000007c0000000)
 Metaspace       used 223835K, capacity 229679K, committed 230000K, reserved 1239040K
  class space    used 37697K, capacity 39449K, committed 39576K, reserved 1048576K
GC Heap History (10 events):
Event: 411.469 GC heap before
{Heap before GC invocations=1101 (full 14):
 par new generation   total 77440K, used 75856K [0x00000004c0000000, 0x00000004c5400000, 0x0000000580000000)
  eden space 68864K, 100% used [0x00000004c0000000, 0x00000004c4340000, 0x00000004c4340000)
  from space 8576K,  81% used [0x00000004c4ba0000, 0x00000004c52740b8, 0x00000004c5400000)
  to   space 8576K,   0% used [0x00000004c4340000, 0x00000004c4340000, 0x00000004c4ba0000)
 concurrent mark-sweep generation total 5168632K, used 4246228K [0x0000000580000000, 0x00000006bb77e000, 0x00000007c0000000)
 Metaspace       used 222216K, capacity 228045K, committed 228208K, reserved 1239040K
  class space    used 37481K, capacity 39206K, committed 39320K, reserved 1048576K
Event: 411.603 GC heap after
Heap after GC invocations=1102 (full 14):
 par new generation   total 77440K, used 8576K [0x00000004c0000000, 0x00000004c5400000, 0x0000000580000000)
  eden space 68864K,   0% used [0x00000004c0000000, 0x00000004c0000000, 0x00000004c4340000)
  from space 8576K, 100% used [0x00000004c4340000, 0x00000004c4ba0000, 0x00000004c4ba0000)
  to   space 8576K,   0% used [0x00000004c4ba0000, 0x00000004c4ba0000, 0x00000004c5400000)
 concurrent mark-sweep generation total 5168632K, used 4274292K [0x0000000580000000, 0x00000006bb77e000, 0x00000007c0000000)
 Metaspace       used 222216K, capacity 228045K, committed 228208K, reserved 1239040K
  class space    used 37481K, capacity 39206K, committed 39320K, reserved 1048576K
}
Event: 411.852 GC heap before
{Heap before GC invocations=1102 (full 14):
 par new generation   total 77440K, used 77440K [0x00000004c0000000, 0x00000004c5400000, 0x0000000580000000)
  eden space 68864K, 100% used [0x00000004c0000000, 0x00000004c4340000, 0x00000004c4340000)
  from space 8576K, 100% used [0x00000004c4340000, 0x00000004c4ba0000, 0x00000004c4ba0000)
  to   space 8576K,   0% used [0x00000004c4ba0000, 0x00000004c4ba0000, 0x00000004c5400000)
 concurrent mark-sweep generation total 5168632K, used 4274292K [0x0000000580000000, 0x00000006bb77e000, 0x00000007c0000000)
 Metaspace       used 222278K, capacity 228109K, committed 228464K, reserved 1239040K
  class space    used 37489K, capacity 39206K, committed 39320K, reserved 1048576K
Event: 411.902 GC heap after
Heap after GC invocations=1103 (full 14):
 par new generation   total 77440K, used 7203K [0x00000004c0000000, 0x00000004c5400000, 0x0000000580000000)
  eden space 68864K,   0% used [0x00000004c0000000, 0x00000004c0000000, 0x00000004c4340000)
  from space 8576K,  83% used [0x00000004c4ba0000, 0x00000004c52a8dd8, 0x00000004c5400000)
  to   space 8576K,   0% used [0x00000004c4340000, 0x00000004c4340000, 0x00000004c4ba0000)
 concurrent mark-sweep generation total 5168632K, used 4278662K [0x0000000580000000, 0x00000006bb77e000, 0x00000007c0000000)
 Metaspace       used 222278K, capacity 228109K, committed 228464K, reserved 1239040K
  class space    used 37489K, capacity 39206K, committed 39320K, reserved 1048576K
}
Event: 412.275 GC heap before
{Heap before GC invocations=1103 (full 14):
 par new generation   total 77440K, used 76067K [0x00000004c0000000, 0x00000004c5400000, 0x0000000580000000)
  eden space 68864K, 100% used [0x00000004c0000000, 0x00000004c4340000, 0x00000004c4340000)
  from space 8576K,  83% used [0x00000004c4ba0000, 0x00000004c52a8dd8, 0x00000004c5400000)
  to   space 8576K,   0% used [0x00000004c4340000, 0x00000004c4340000, 0x00000004c4ba0000)
 concurrent mark-sweep generation total 5168632K, used 4278662K [0x0000000580000000, 0x00000006bb77e000, 0x00000007c0000000)
 Metaspace       used 222604K, capacity 228447K, committed 228720K, reserved 1239040K
  class space    used 37529K, capacity 39253K, committed 39320K, reserved 1048576K
Event: 412.318 GC heap after
Heap after GC invocations=1104 (full 14):
 par new generation   total 77440K, used 8575K [0x00000004c0000000, 0x00000004c5400000, 0x0000000580000000)
  eden space 68864K,   0% used [0x00000004c0000000, 0x00000004c0000000, 0x00000004c4340000)
  from space 8576K,  99% used [0x00000004c4340000, 0x00000004c4b9fff0, 0x00000004c4ba0000)
  to   space 8576K,   0% used [0x00000004c4ba0000, 0x00000004c4ba0000, 0x00000004c5400000)
 concurrent mark-sweep generation total 5168632K, used 4279151K [0x0000000580000000, 0x00000006bb77e000, 0x00000007c0000000)
 Metaspace       used 222604K, capacity 228447K, committed 228720K, reserved 1239040K
  class space    used 37529K, capacity 39253K, committed 39320K, reserved 1048576K
}
Event: 412.686 GC heap before
{Heap before GC invocations=1104 (full 14):
 par new generation   total 77440K, used 77439K [0x00000004c0000000, 0x00000004c5400000, 0x0000000580000000)
  eden space 68864K, 100% used [0x00000004c0000000, 0x00000004c4340000, 0x00000004c4340000)
  from space 8576K,  99% used [0x00000004c4340000, 0x00000004c4b9fff0, 0x00000004c4ba0000)
  to   space 8576K,   0% used [0x00000004c4ba0000, 0x00000004c4ba0000, 0x00000004c5400000)
 concurrent mark-sweep generation total 5168632K, used 4279151K [0x0000000580000000, 0x00000006bb77e000, 0x00000007c0000000)
 Metaspace       used 222980K, capacity 228831K, committed 228976K, reserved 1239040K
  class space    used 37581K, capacity 39317K, committed 39320K, reserved 1048576K
Event: 412.741 GC heap after
Heap after GC invocations=1105 (full 14):
 par new generation   total 77440K, used 6752K [0x00000004c0000000, 0x00000004c5400000, 0x0000000580000000)
  eden space 68864K,   0% used [0x00000004c0000000, 0x00000004c0000000, 0x00000004c4340000)
  from space 8576K,  78% used [0x00000004c4ba0000, 0x00000004c52381e0, 0x00000004c5400000)
  to   space 8576K,   0% used [0x00000004c4340000, 0x00000004c4340000, 0x00000004c4ba0000)
 concurrent mark-sweep generation total 5168632K, used 4287062K [0x0000000580000000, 0x00000006bb77e000, 0x00000007c0000000)
 Metaspace       used 222980K, capacity 228831K, committed 228976K, reserved 1239040K
  class space    used 37581K, capacity 39317K, committed 39320K, reserved 1048576K
}
Event: 413.155 GC heap before
{Heap before GC invocations=1105 (full 14):
 par new generation   total 77440K, used 75616K [0x00000004c0000000, 0x00000004c5400000, 0x0000000580000000)
  eden space 68864K, 100% used [0x00000004c0000000, 0x00000004c4340000, 0x00000004c4340000)
  from space 8576K,  78% used [0x00000004c4ba0000, 0x00000004c52381e0, 0x00000004c5400000)
  to   space 8576K,   0% used [0x00000004c4340000, 0x00000004c4340000, 0x00000004c4ba0000)
 concurrent mark-sweep generation total 5168632K, used 4287062K [0x0000000580000000, 0x00000006bb77e000, 0x00000007c0000000)
 Metaspace       used 223347K, capacity 229223K, committed 229360K, reserved 1239040K
  class space    used 37629K, capacity 39383K, committed 39448K, reserved 1048576K
Event: 413.180 GC heap after
Heap after GC invocations=1106 (full 14):
 par new generation   total 77440K, used 4533K [0x00000004c0000000, 0x00000004c5400000, 0x0000000580000000)
  eden space 68864K,   0% used [0x00000004c0000000, 0x00000004c0000000, 0x00000004c4340000)
  from space 8576K,  52% used [0x00000004c4340000, 0x00000004c47ad578, 0x00000004c4ba0000)
  to   space 8576K,   0% used [0x00000004c4ba0000, 0x00000004c4ba0000, 0x00000004c5400000)
 concurrent mark-sweep generation total 5168632K, used 4287062K [0x0000000580000000, 0x00000006bb77e000, 0x00000007c0000000)
 Metaspace       used 223347K, capacity 229223K, committed 229360K, reserved 1239040K
  class space    used 37629K, capacity 39383K, committed 39448K, reserved 1048576K
}

