# JRE version: Java(TM) SE Runtime Environment (8.0_51-b16) (build 1.8.0_51-b16)
# Java VM: Java HotSpot(TM) 64-Bit Server VM (25.51-b03 mixed mode windows-amd64 compressed oops)
Heap:
 par new generation   total 77440K, used 20959K [0x00000004c0000000, 0x00000004c5400000, 0x0000000580000000)
  eden space 68864K,  17% used [0x00000004c0000000, 0x00000004c0c17fe0, 0x00000004c4340000)
  from space 8576K, 100% used [0x00000004c4ba0000, 0x00000004c5400000, 0x00000004c5400000)
  to   space 8576K,   0% used [0x00000004c4340000, 0x00000004c4340000, 0x00000004c4ba0000)
 concurrent mark-sweep generation total 5168852K, used 3560126K [0x0000000580000000, 0x00000006bb7b5000, 0x00000007c0000000)
 Metaspace       used 220792K, capacity 226473K, committed 226748K, reserved 1236992K
  class space    used 37312K, capacity 39044K, committed 39140K, reserved 1048576K
GC Heap History (10 events):
Event: 392.200 GC heap before
{Heap before GC invocations=1064 (full 13):
 par new generation   total 77440K, used 74962K [0x00000004c0000000, 0x00000004c5400000, 0x0000000580000000)
  eden space 68864K, 100% used [0x00000004c0000000, 0x00000004c4340000, 0x00000004c4340000)
  from space 8576K,  71% used [0x00000004c4340000, 0x00000004c4934870, 0x00000004c4ba0000)
  to   space 8576K,   0% used [0x00000004c4ba0000, 0x00000004c4ba0000, 0x00000004c5400000)
 concurrent mark-sweep generation total 5168852K, used 3509623K [0x0000000580000000, 0x00000006bb7b5000, 0x00000007c0000000)
 Metaspace       used 220724K, capacity 226457K, committed 226748K, reserved 1236992K
  class space    used 37306K, capacity 39040K, committed 39140K, reserved 1048576K
Event: 392.237 GC heap after
Heap after GC invocations=1065 (full 13):
 par new generation   total 77440K, used 7057K [0x00000004c0000000, 0x00000004c5400000, 0x0000000580000000)
  eden space 68864K,   0% used [0x00000004c0000000, 0x00000004c0000000, 0x00000004c4340000)
  from space 8576K,  82% used [0x00000004c4ba0000, 0x00000004c5284600, 0x00000004c5400000)
  to   space 8576K,   0% used [0x00000004c4340000, 0x00000004c4340000, 0x00000004c4ba0000)
 concurrent mark-sweep generation total 5168852K, used 3509623K [0x0000000580000000, 0x00000006bb7b5000, 0x00000007c0000000)
 Metaspace       used 220724K, capacity 226457K, committed 226748K, reserved 1236992K
  class space    used 37306K, capacity 39040K, committed 39140K, reserved 1048576K
}
Event: 392.771 GC heap before
{Heap before GC invocations=1065 (full 13):
 par new generation   total 77440K, used 75921K [0x00000004c0000000, 0x00000004c5400000, 0x0000000580000000)
  eden space 68864K, 100% used [0x00000004c0000000, 0x00000004c4340000, 0x00000004c4340000)
  from space 8576K,  82% used [0x00000004c4ba0000, 0x00000004c5284600, 0x00000004c5400000)
  to   space 8576K,   0% used [0x00000004c4340000, 0x00000004c4340000, 0x00000004c4ba0000)
 concurrent mark-sweep generation total 5168852K, used 3509623K [0x0000000580000000, 0x00000006bb7b5000, 0x00000007c0000000)
 Metaspace       used 220760K, capacity 226467K, committed 226748K, reserved 1236992K
  class space    used 37308K, capacity 39043K, committed 39140K, reserved 1048576K
Event: 392.813 GC heap after
Heap after GC invocations=1066 (full 13):
 par new generation   total 77440K, used 8576K [0x00000004c0000000, 0x00000004c5400000, 0x0000000580000000)
  eden space 68864K,   0% used [0x00000004c0000000, 0x00000004c0000000, 0x00000004c4340000)
  from space 8576K, 100% used [0x00000004c4340000, 0x00000004c4ba0000, 0x00000004c4ba0000)
  to   space 8576K,   0% used [0x00000004c4ba0000, 0x00000004c4ba0000, 0x00000004c5400000)
 concurrent mark-sweep generation total 5168852K, used 3511647K [0x0000000580000000, 0x00000006bb7b5000, 0x00000007c0000000)
 Metaspace       used 220760K, capacity 226467K, committed 226748K, reserved 1236992K
  class space    used 37308K, capacity 39043K, committed 39140K, reserved 1048576K
}
Event: 393.164 GC heap before
{Heap before GC invocations=1066 (full 13):
 par new generation   total 77440K, used 77440K [0x00000004c0000000, 0x00000004c5400000, 0x0000000580000000)
  eden space 68864K, 100% used [0x00000004c0000000, 0x00000004c4340000, 0x00000004c4340000)
  from space 8576K, 100% used [0x00000004c4340000, 0x00000004c4ba0000, 0x00000004c4ba0000)
  to   space 8576K,   0% used [0x00000004c4ba0000, 0x00000004c4ba0000, 0x00000004c5400000)
 concurrent mark-sweep generation total 5168852K, used 3511647K [0x0000000580000000, 0x00000006bb7b5000, 0x00000007c0000000)
 Metaspace       used 220769K, capacity 226467K, committed 226748K, reserved 1236992K
  class space    used 37309K, capacity 39043K, committed 39140K, reserved 1048576K
Event: 393.204 GC heap after
Heap after GC invocations=1067 (full 13):
 par new generation   total 77440K, used 6505K [0x00000004c0000000, 0x00000004c5400000, 0x0000000580000000)
  eden space 68864K,   0% used [0x00000004c0000000, 0x00000004c0000000, 0x00000004c4340000)
  from space 8576K,  75% used [0x00000004c4ba0000, 0x00000004c51fa618, 0x00000004c5400000)
  to   space 8576K,   0% used [0x00000004c4340000, 0x00000004c4340000, 0x00000004c4ba0000)
 concurrent mark-sweep generation total 5168852K, used 3512702K [0x0000000580000000, 0x00000006bb7b5000, 0x00000007c0000000)
 Metaspace       used 220769K, capacity 226467K, committed 226748K, reserved 1236992K
  class space    used 37309K, capacity 39043K, committed 39140K, reserved 1048576K
}
Event: 393.527 GC heap before
{Heap before GC invocations=1067 (full 13):
 par new generation   total 77440K, used 75369K [0x00000004c0000000, 0x00000004c5400000, 0x0000000580000000)
  eden space 68864K, 100% used [0x00000004c0000000, 0x00000004c4340000, 0x00000004c4340000)
  from space 8576K,  75% used [0x00000004c4ba0000, 0x00000004c51fa618, 0x00000004c5400000)
  to   space 8576K,   0% used [0x00000004c4340000, 0x00000004c4340000, 0x00000004c4ba0000)
 concurrent mark-sweep generation total 5168852K, used 3512702K [0x0000000580000000, 0x00000006bb7b5000, 0x00000007c0000000)
 Metaspace       used 220769K, capacity 226467K, committed 226748K, reserved 1236992K
  class space    used 37309K, capacity 39043K, committed 39140K, reserved 1048576K
Event: 393.562 GC heap after
Heap after GC invocations=1068 (full 13):
 par new generation   total 77440K, used 7986K [0x00000004c0000000, 0x00000004c5400000, 0x0000000580000000)
  eden space 68864K,   0% used [0x00000004c0000000, 0x00000004c0000000, 0x00000004c4340000)
  from space 8576K,  93% used [0x00000004c4340000, 0x00000004c4b0c8c8, 0x00000004c4ba0000)
  to   space 8576K,   0% used [0x00000004c4ba0000, 0x00000004c4ba0000, 0x00000004c5400000)
 concurrent mark-sweep generation total 5168852K, used 3513824K [0x0000000580000000, 0x00000006bb7b5000, 0x00000007c0000000)
 Metaspace       used 220769K, capacity 226467K, committed 226748K, reserved 1236992K
  class space    used 37309K, capacity 39043K, committed 39140K, reserved 1048576K
}
Event: 393.785 GC heap before
{Heap before GC invocations=1068 (full 13):
 par new generation   total 77440K, used 76850K [0x00000004c0000000, 0x00000004c5400000, 0x0000000580000000)
  eden space 68864K, 100% used [0x00000004c0000000, 0x00000004c4340000, 0x00000004c4340000)
  from space 8576K,  93% used [0x00000004c4340000, 0x00000004c4b0c8c8, 0x00000004c4ba0000)
  to   space 8576K,   0% used [0x00000004c4ba0000, 0x00000004c4ba0000, 0x00000004c5400000)
 concurrent mark-sweep generation total 5168852K, used 3513824K [0x0000000580000000, 0x00000006bb7b5000, 0x00000007c0000000)
 Metaspace       used 220792K, capacity 226473K, committed 226748K, reserved 1236992K
  class space    used 37312K, capacity 39044K, committed 39140K, reserved 1048576K
Event: 393.990 GC heap after
Heap after GC invocations=1069 (full 13):
 par new generation   total 77440K, used 8576K [0x00000004c0000000, 0x00000004c5400000, 0x0000000580000000)
  eden space 68864K,   0% used [0x00000004c0000000, 0x00000004c0000000, 0x00000004c4340000)
  from space 8576K, 100% used [0x00000004c4ba0000, 0x00000004c5400000, 0x00000004c5400000)
  to   space 8576K,   0% used [0x00000004c4340000, 0x00000004c4340000, 0x00000004c4ba0000)
 concurrent mark-sweep generation total 5168852K, used 3560126K [0x0000000580000000, 0x00000006bb7b5000, 0x00000007c0000000)
 Metaspace       used 220792K, capacity 226473K, committed 226748K, reserved 1236992K
  class space    used 37312K, capacity 39044K, committed 39140K, reserved 1048576K
}

